This is XeTeX, Version 3.14159265-2.6-0.999991 (TeX Live 2019/Debian) (preloaded format=xelatex 2020.6.26)  10 JUL 2020 14:39
entering extended mode
 restricted \write18 enabled.
 %&-line parsing enabled.
**TRES-Tidy-Tutorial.tex
(./TRES-Tidy-Tutorial.tex
LaTeX2e <2020-02-02> patch level 2
L3 programming layer <2020-02-14> (/usr/share/texlive/texmf-dist/tex/latex/base
/book.cls
Document Class: book 2019/12/20 v1.4l Standard LaTeX document class
(/usr/share/texlive/texmf-dist/tex/latex/base/bk10.clo
File: bk10.clo 2019/12/20 v1.4l Standard LaTeX file (size option)
)
\c@part=\count163
\c@chapter=\count164
\c@section=\count165
\c@subsection=\count166
\c@subsubsection=\count167
\c@paragraph=\count168
\c@subparagraph=\count169
\c@figure=\count170
\c@table=\count171
\abovecaptionskip=\skip47
\belowcaptionskip=\skip48
\bibindent=\dimen134
) (/usr/share/texmf/tex/latex/lm/lmodern.sty
Package: lmodern 2009/10/30 v1.6 Latin Modern Fonts
LaTeX Font Info:    Overwriting symbol font `operators' in version `normal'
(Font)                  OT1/cmr/m/n --> OT1/lmr/m/n on input line 22.
LaTeX Font Info:    Overwriting symbol font `letters' in version `normal'
(Font)                  OML/cmm/m/it --> OML/lmm/m/it on input line 23.
LaTeX Font Info:    Overwriting symbol font `symbols' in version `normal'
(Font)                  OMS/cmsy/m/n --> OMS/lmsy/m/n on input line 24.
LaTeX Font Info:    Overwriting symbol font `largesymbols' in version `normal'
(Font)                  OMX/cmex/m/n --> OMX/lmex/m/n on input line 25.
LaTeX Font Info:    Overwriting symbol font `operators' in version `bold'
(Font)                  OT1/cmr/bx/n --> OT1/lmr/bx/n on input line 26.
LaTeX Font Info:    Overwriting symbol font `letters' in version `bold'
(Font)                  OML/cmm/b/it --> OML/lmm/b/it on input line 27.
LaTeX Font Info:    Overwriting symbol font `symbols' in version `bold'
(Font)                  OMS/cmsy/b/n --> OMS/lmsy/b/n on input line 28.
LaTeX Font Info:    Overwriting symbol font `largesymbols' in version `bold'
(Font)                  OMX/cmex/m/n --> OMX/lmex/m/n on input line 29.
LaTeX Font Info:    Overwriting math alphabet `\mathbf' in version `normal'
(Font)                  OT1/cmr/bx/n --> OT1/lmr/bx/n on input line 31.
LaTeX Font Info:    Overwriting math alphabet `\mathsf' in version `normal'
(Font)                  OT1/cmss/m/n --> OT1/lmss/m/n on input line 32.
LaTeX Font Info:    Overwriting math alphabet `\mathit' in version `normal'
(Font)                  OT1/cmr/m/it --> OT1/lmr/m/it on input line 33.
LaTeX Font Info:    Overwriting math alphabet `\mathtt' in version `normal'
(Font)                  OT1/cmtt/m/n --> OT1/lmtt/m/n on input line 34.
LaTeX Font Info:    Overwriting math alphabet `\mathbf' in version `bold'
(Font)                  OT1/cmr/bx/n --> OT1/lmr/bx/n on input line 35.
LaTeX Font Info:    Overwriting math alphabet `\mathsf' in version `bold'
(Font)                  OT1/cmss/bx/n --> OT1/lmss/bx/n on input line 36.
LaTeX Font Info:    Overwriting math alphabet `\mathit' in version `bold'
(Font)                  OT1/cmr/bx/it --> OT1/lmr/bx/it on input line 37.
LaTeX Font Info:    Overwriting math alphabet `\mathtt' in version `bold'
(Font)                  OT1/cmtt/m/n --> OT1/lmtt/m/n on input line 38.
) (/usr/share/texlive/texmf-dist/tex/latex/amsfonts/amssymb.sty
Package: amssymb 2013/01/14 v3.01 AMS font symbols
(/usr/share/texlive/texmf-dist/tex/latex/amsfonts/amsfonts.sty
Package: amsfonts 2013/01/14 v3.01 Basic AMSFonts support
\@emptytoks=\toks14
\symAMSa=\mathgroup4
\symAMSb=\mathgroup5
LaTeX Font Info:    Redeclaring math symbol \hbar on input line 98.
LaTeX Font Info:    Overwriting math alphabet `\mathfrak' in version `bold'
(Font)                  U/euf/m/n --> U/euf/b/n on input line 106.
)) (/usr/share/texlive/texmf-dist/tex/latex/amsmath/amsmath.sty
Package: amsmath 2020/01/20 v2.17e AMS math features
\@mathmargin=\skip49
For additional information on amsmath, use the `?' option.
(/usr/share/texlive/texmf-dist/tex/latex/amsmath/amstext.sty
Package: amstext 2000/06/29 v2.01 AMS text
(/usr/share/texlive/texmf-dist/tex/latex/amsmath/amsgen.sty
File: amsgen.sty 1999/11/30 v2.0 generic functions
\@emptytoks=\toks15
\ex@=\dimen135
)) (/usr/share/texlive/texmf-dist/tex/latex/amsmath/amsbsy.sty
Package: amsbsy 1999/11/29 v1.2d Bold Symbols
\pmbraise@=\dimen136
) (/usr/share/texlive/texmf-dist/tex/latex/amsmath/amsopn.sty
Package: amsopn 2016/03/08 v2.02 operator names
)
\inf@bad=\count172
LaTeX Info: Redefining \frac on input line 227.
\uproot@=\count173
\leftroot@=\count174
LaTeX Info: Redefining \overline on input line 389.
\classnum@=\count175
\DOTSCASE@=\count176
LaTeX Info: Redefining \ldots on input line 486.
LaTeX Info: Redefining \dots on input line 489.
LaTeX Info: Redefining \cdots on input line 610.
\Mathstrutbox@=\box45
\strutbox@=\box46
\big@size=\dimen137
LaTeX Font Info:    Redeclaring font encoding OML on input line 733.
LaTeX Font Info:    Redeclaring font encoding OMS on input line 734.
\macc@depth=\count177
\c@MaxMatrixCols=\count178
\dotsspace@=\muskip16
\c@parentequation=\count179
\dspbrk@lvl=\count180
\tag@help=\toks16
\row@=\count181
\column@=\count182
\maxfields@=\count183
\andhelp@=\toks17
\eqnshift@=\dimen138
\alignsep@=\dimen139
\tagshift@=\dimen140
\tagwidth@=\dimen141
\totwidth@=\dimen142
\lineht@=\dimen143
\@envbody=\toks18
\multlinegap=\skip50
\multlinetaggap=\skip51
\mathdisplay@stack=\toks19
LaTeX Info: Redefining \[ on input line 2859.
LaTeX Info: Redefining \] on input line 2860.
) (/usr/share/texlive/texmf-dist/tex/generic/iftex/ifxetex.sty
Package: ifxetex 2019/10/25 v0.7 ifxetex legacy package. Use iftex instead.
(/usr/share/texlive/texmf-dist/tex/generic/iftex/iftex.sty
Package: iftex 2019/11/07 v1.0c TeX engine tests
)) (/usr/share/texlive/texmf-dist/tex/generic/iftex/ifluatex.sty
Package: ifluatex 2019/10/25 v1.5 ifluatex legacy package. Use iftex instead.
) (/usr/share/texlive/texmf-dist/tex/latex/base/fixltx2e.sty
Package: fixltx2e 2016/12/29 v2.1a fixes to LaTeX (obsolete)
Applying: [2015/01/01] Old fixltx2e package on input line 46.

Package fixltx2e Warning: fixltx2e is not required with releases after 2015
(fixltx2e)                All fixes are now in the LaTeX kernel.
(fixltx2e)                See the latexrelease package for details.

Already applied: [0000/00/00] Old fixltx2e package on input line 53.
) (/usr/share/texlive/texmf-dist/tex/latex/unicode-math/unicode-math.sty (/usr/
share/texlive/texmf-dist/tex/latex/l3kernel/expl3.sty
Package: expl3 2020-02-14 L3 programming layer (loader) 
(/usr/share/texlive/texmf-dist/tex/latex/l3backend/l3backend-xdvipdfmx.def
File: l3backend-xdvipdfmx.def 2020-02-03 L3 backend support: xdvipdfmx
\g__graphics_track_int=\count184
\l__pdf_internal_box=\box47
\g__pdf_backend_object_int=\count185
\g__pdf_backend_annotation_int=\count186
))
Package: unicode-math 2020/01/31 v0.8q Unicode maths in XeLaTeX and LuaLaTeX
(/usr/share/texlive/texmf-dist/tex/latex/unicode-math/unicode-math-xetex.sty
Package: unicode-math-xetex 2020/01/31 v0.8q Unicode maths in XeLaTeX and LuaLa
TeX
(/usr/share/texlive/texmf-dist/tex/latex/l3packages/xparse/xparse.sty
Package: xparse 2020-02-14 L3 Experimental document command parser
\l__xparse_current_arg_int=\count187
\g__xparse_grabber_int=\count188
\l__xparse_m_args_int=\count189
\l__xparse_v_nesting_int=\count190
) (/usr/share/texlive/texmf-dist/tex/latex/l3packages/l3keys2e/l3keys2e.sty
Package: l3keys2e 2020-02-14 LaTeX2e option processing using LaTeX3 keys
) (/usr/share/texlive/texmf-dist/tex/latex/fontspec/fontspec.sty
Package: fontspec 2020/02/03 v2.7h Font selection for XeLaTeX and LuaLaTeX
(/usr/share/texlive/texmf-dist/tex/latex/fontspec/fontspec-xetex.sty
Package: fontspec-xetex 2020/02/03 v2.7h Font selection for XeLaTeX and LuaLaTe
X
\l__fontspec_script_int=\count191
\l__fontspec_language_int=\count192
\l__fontspec_strnum_int=\count193
\l__fontspec_tmp_int=\count194
\l__fontspec_tmpa_int=\count195
\l__fontspec_tmpb_int=\count196
\l__fontspec_tmpc_int=\count197
\l__fontspec_em_int=\count198
\l__fontspec_emdef_int=\count199
\l__fontspec_strong_int=\count266
\l__fontspec_strongdef_int=\count267
\l__fontspec_tmpa_dim=\dimen144
\l__fontspec_tmpb_dim=\dimen145
\l__fontspec_tmpc_dim=\dimen146
(/usr/share/texlive/texmf-dist/tex/latex/base/fontenc.sty
Package: fontenc 2020/02/11 v2.0o Standard LaTeX package
) (/usr/share/texlive/texmf-dist/tex/latex/fontspec/fontspec.cfg))) (/usr/share
/texlive/texmf-dist/tex/latex/base/fix-cm.sty
Package: fix-cm 2015/01/14 v1.1t fixes to LaTeX
(/usr/share/texlive/texmf-dist/tex/latex/base/ts1enc.def
File: ts1enc.def 2001/06/05 v3.0e (jk/car/fm) Standard LaTeX file
LaTeX Font Info:    Redeclaring font encoding TS1 on input line 47.
))
\g__um_fam_int=\count268
\g__um_fonts_used_int=\count269
\l__um_primecount_int=\count270
\g__um_primekern_muskip=\muskip17
(/usr/share/texlive/texmf-dist/tex/latex/unicode-math/unicode-math-table.tex)))
(/usr/share/texlive/texmf-dist/tex/latex/upquote/upquote.sty
Package: upquote 2012/04/19 v1.3 upright-quote and grave-accent glyphs in verba
tim
(/usr/share/texlive/texmf-dist/tex/latex/base/textcomp.sty
Package: textcomp 2020/02/02 v2.0n Standard LaTeX package
)) (/usr/share/texlive/texmf-dist/tex/latex/microtype/microtype.sty
Package: microtype 2019/11/18 v2.7d Micro-typographical refinements (RS)
(/usr/share/texlive/texmf-dist/tex/latex/graphics/keyval.sty
Package: keyval 2014/10/28 v1.15 key=value parser (DPC)
\KV@toks@=\toks20
)
\MT@toks=\toks21
\MT@count=\count271
LaTeX Info: Redefining \textls on input line 790.
\MT@outer@kern=\dimen147
LaTeX Info: Redefining \textmicrotypecontext on input line 1354.
\MT@listname@count=\count272
(/usr/share/texlive/texmf-dist/tex/latex/microtype/microtype-xetex.def
File: microtype-xetex.def 2019/11/18 v2.7d Definitions specific to xetex (RS)
LaTeX Info: Redefining \lsstyle on input line 258.
)
Package microtype Info: Loading configuration file microtype.cfg.
(/usr/share/texlive/texmf-dist/tex/latex/microtype/microtype.cfg
File: microtype.cfg 2019/11/18 v2.7d microtype main configuration file (RS)
)) (/usr/share/texlive/texmf-dist/tex/latex/parskip/parskip.sty
Package: parskip 2020-01-22 v2.0d non-zero parskip adjustments
(/usr/share/texlive/texmf-dist/tex/latex/kvoptions/kvoptions.sty
Package: kvoptions 2019/11/29 v3.13 Key value format for package options (HO)
(/usr/share/texlive/texmf-dist/tex/generic/ltxcmds/ltxcmds.sty
Package: ltxcmds 2019/12/15 v1.24 LaTeX kernel commands for general use (HO)
) (/usr/share/texlive/texmf-dist/tex/generic/kvsetkeys/kvsetkeys.sty
Package: kvsetkeys 2019/12/15 v1.18 Key value parser (HO)
)) (/usr/share/texlive/texmf-dist/tex/latex/etoolbox/etoolbox.sty
Package: etoolbox 2019/09/21 v2.5h e-TeX tools for LaTeX (JAW)
\etb@tempcnta=\count273
)) (/usr/share/texlive/texmf-dist/tex/latex/hyperref/hyperref.sty
Package: hyperref 2020/01/14 v7.00d Hypertext links for LaTeX
(/usr/share/texlive/texmf-dist/tex/latex/pdftexcmds/pdftexcmds.sty
Package: pdftexcmds 2019/11/24 v0.31 Utility functions of pdfTeX for LuaTeX (HO
)
(/usr/share/texlive/texmf-dist/tex/generic/infwarerr/infwarerr.sty
Package: infwarerr 2019/12/03 v1.5 Providing info/warning/error messages (HO)
)
Package pdftexcmds Info: \pdf@primitive is available.
Package pdftexcmds Info: \pdf@ifprimitive is available.
Package pdftexcmds Info: \pdfdraftmode not found.
) (/usr/share/texlive/texmf-dist/tex/generic/kvdefinekeys/kvdefinekeys.sty
Package: kvdefinekeys 2019-12-19 v1.6 Define keys (HO)
) (/usr/share/texlive/texmf-dist/tex/generic/pdfescape/pdfescape.sty
Package: pdfescape 2019/12/09 v1.15 Implements pdfTeX's escape features (HO)
) (/usr/share/texlive/texmf-dist/tex/latex/hycolor/hycolor.sty
Package: hycolor 2020-01-27 v1.10 Color options for hyperref/bookmark (HO)
) (/usr/share/texlive/texmf-dist/tex/latex/letltxmacro/letltxmacro.sty
Package: letltxmacro 2019/12/03 v1.6 Let assignment for LaTeX macros (HO)
) (/usr/share/texlive/texmf-dist/tex/latex/auxhook/auxhook.sty
Package: auxhook 2019-12-17 v1.6 Hooks for auxiliary files (HO)
)
\@linkdim=\dimen148
\Hy@linkcounter=\count274
\Hy@pagecounter=\count275
(/usr/share/texlive/texmf-dist/tex/latex/hyperref/pd1enc.def
File: pd1enc.def 2020/01/14 v7.00d Hyperref: PDFDocEncoding definition (HO)
) (/usr/share/texlive/texmf-dist/tex/generic/intcalc/intcalc.sty
Package: intcalc 2019/12/15 v1.3 Expandable calculations with integers (HO)
) (/usr/share/texlive/texmf-dist/tex/generic/etexcmds/etexcmds.sty
Package: etexcmds 2019/12/15 v1.7 Avoid name clashes with e-TeX commands (HO)
)
\Hy@SavedSpaceFactor=\count276
Package hyperref Info: Option `unicode' set `true' on input line 4421.
(/usr/share/texlive/texmf-dist/tex/latex/hyperref/puenc.def
File: puenc.def 2020/01/14 v7.00d Hyperref: PDF Unicode definition (HO)
)
Package hyperref Info: Hyper figures OFF on input line 4547.
Package hyperref Info: Link nesting OFF on input line 4552.
Package hyperref Info: Hyper index ON on input line 4555.
Package hyperref Info: Plain pages OFF on input line 4562.
Package hyperref Info: Backreferencing OFF on input line 4567.
Package hyperref Info: Implicit mode ON; LaTeX internals redefined.
Package hyperref Info: Bookmarks ON on input line 4800.
\c@Hy@tempcnt=\count277
(/usr/share/texlive/texmf-dist/tex/latex/url/url.sty
\Urlmuskip=\muskip18
Package: url 2013/09/16  ver 3.4  Verb mode for urls, etc.
)
LaTeX Info: Redefining \url on input line 5159.
\XeTeXLinkMargin=\dimen149
(/usr/share/texlive/texmf-dist/tex/generic/bitset/bitset.sty
Package: bitset 2019/12/09 v1.3 Handle bit-vector datatype (HO)
(/usr/share/texlive/texmf-dist/tex/generic/bigintcalc/bigintcalc.sty
Package: bigintcalc 2019/12/15 v1.5 Expandable calculations on big integers (HO
)
))
\Fld@menulength=\count278
\Field@Width=\dimen150
\Fld@charsize=\dimen151
Package hyperref Info: Hyper figures OFF on input line 6430.
Package hyperref Info: Link nesting OFF on input line 6435.
Package hyperref Info: Hyper index ON on input line 6438.
Package hyperref Info: backreferencing OFF on input line 6445.
Package hyperref Info: Link coloring OFF on input line 6450.
Package hyperref Info: Link coloring with OCG OFF on input line 6455.
Package hyperref Info: PDF/A mode OFF on input line 6460.
LaTeX Info: Redefining \ref on input line 6500.
LaTeX Info: Redefining \pageref on input line 6504.
(/usr/share/texlive/texmf-dist/tex/generic/atbegshi/atbegshi.sty
Package: atbegshi 2019/12/05 v1.19 At begin shipout hook (HO)
)
\Hy@abspage=\count279
\c@Item=\count280
\c@Hfootnote=\count281
)
Package hyperref Info: Driver (autodetected): hxetex.
(/usr/share/texlive/texmf-dist/tex/latex/hyperref/hxetex.def
File: hxetex.def 2020/01/14 v7.00d Hyperref driver for XeTeX
(/usr/share/texlive/texmf-dist/tex/generic/stringenc/stringenc.sty
Package: stringenc 2019/11/29 v1.12 Convert strings between diff. encodings (HO
)
)
\pdfm@box=\box48
\c@Hy@AnnotLevel=\count282
\HyField@AnnotCount=\count283
\Fld@listcount=\count284
\c@bookmark@seq@number=\count285
(/usr/share/texlive/texmf-dist/tex/latex/rerunfilecheck/rerunfilecheck.sty
Package: rerunfilecheck 2019/12/05 v1.9 Rerun checks for auxiliary files (HO)
(/usr/share/texlive/texmf-dist/tex/latex/atveryend/atveryend.sty
Package: atveryend 2019-12-11 v1.11 Hooks at the very end of document (HO)
) (/usr/share/texlive/texmf-dist/tex/generic/uniquecounter/uniquecounter.sty
Package: uniquecounter 2019/12/15 v1.4 Provide unlimited unique counter (HO)
)
Package uniquecounter Info: New unique counter `rerunfilecheck' on input line 2
86.
)
\Hy@SectionHShift=\skip52
)
Package hyperref Info: Option `breaklinks' set `true' on input line 35.
(/usr/share/texlive/texmf-dist/tex/latex/graphics/color.sty
Package: color 2019/11/23 v1.2a Standard LaTeX Color (DPC)
(/usr/share/texlive/texmf-dist/tex/latex/graphics-cfg/color.cfg
File: color.cfg 2016/01/02 v1.6 sample color configuration
)
Package color Info: Driver file: xetex.def on input line 147.
(/usr/share/texlive/texmf-dist/tex/latex/graphics-def/xetex.def
File: xetex.def 2017/06/24 v5.0h Graphics/color driver for xetex
)) (/usr/share/texlive/texmf-dist/tex/latex/fancyvrb/fancyvrb.sty
Package: fancyvrb 2020/01/13 v3.5 verbatim text (tvz,hv)
\FV@CodeLineNo=\count286
\FV@InFile=\read2
\FV@TabBox=\box49
\c@FancyVerbLine=\count287
\FV@StepNumber=\count288
\FV@OutFile=\write3
) (/usr/share/texlive/texmf-dist/tex/latex/tools/longtable.sty
Package: longtable 2020/01/07 v4.13 Multi-page Table package (DPC)
\LTleft=\skip53
\LTright=\skip54
\LTpre=\skip55
\LTpost=\skip56
\LTchunksize=\count289
\LTcapwidth=\dimen152
\LT@head=\box50
\LT@firsthead=\box51
\LT@foot=\box52
\LT@lastfoot=\box53
\LT@cols=\count290
\LT@rows=\count291
\c@LT@tables=\count292
\c@LT@chunks=\count293
\LT@p@ftn=\toks22
) (/usr/share/texlive/texmf-dist/tex/latex/booktabs/booktabs.sty
Package: booktabs 2020/01/12 v1.61803398 Publication quality tables
\heavyrulewidth=\dimen153
\lightrulewidth=\dimen154
\cmidrulewidth=\dimen155
\belowrulesep=\dimen156
\belowbottomsep=\dimen157
\aboverulesep=\dimen158
\abovetopsep=\dimen159
\cmidrulesep=\dimen160
\cmidrulekern=\dimen161
\defaultaddspace=\dimen162
\@cmidla=\count294
\@cmidlb=\count295
\@aboverulesep=\dimen163
\@belowrulesep=\dimen164
\@thisruleclass=\count296
\@lastruleclass=\count297
\@thisrulewidth=\dimen165
) (/usr/share/texlive/texmf-dist/tex/latex/mdwtools/footnote.sty
Package: footnote 1997/01/28 1.13 Save footnotes around boxes
\fn@notes=\box54
\fn@width=\dimen166
) (/usr/share/texlive/texmf-dist/tex/latex/graphics/graphicx.sty
Package: graphicx 2019/11/30 v1.2a Enhanced LaTeX Graphics (DPC,SPQR)
(/usr/share/texlive/texmf-dist/tex/latex/graphics/graphics.sty
Package: graphics 2019/11/30 v1.4a Standard LaTeX Graphics (DPC,SPQR)
(/usr/share/texlive/texmf-dist/tex/latex/graphics/trig.sty
Package: trig 2016/01/03 v1.10 sin cos tan (DPC)
) (/usr/share/texlive/texmf-dist/tex/latex/graphics-cfg/graphics.cfg
File: graphics.cfg 2016/06/04 v1.11 sample graphics configuration
)
Package graphics Info: Driver file: xetex.def on input line 105.
)
\Gin@req@height=\dimen167
\Gin@req@width=\dimen168
) (/usr/share/texlive/texmf-dist/tex/latex/grffile/grffile.sty
Package: grffile 2019/11/11 v2.1 Extended file name support for graphics (legac
y)
Package grffile Info: This package is an empty stub for compatibility on input 
line 40.
) (/usr/share/texlive/texmf-dist/tex/latex/lineno/lineno.sty
Package: lineno 2005/11/02 line numbers on paragraphs v4.41
Invalid UTF-8 byte or sequence at line 296 replaced by U+FFFD.
\linenopenalty=\count298
\output=\toks23
\linenoprevgraf=\count299
\linenumbersep=\dimen169
\linenumberwidth=\dimen170
\c@linenumber=\count300
\c@pagewiselinenumber=\count301
\c@LN@truepage=\count302
\c@internallinenumber=\count303
\c@internallinenumbers=\count304
\quotelinenumbersep=\dimen171
\bframerule=\dimen172
\bframesep=\dimen173
\bframebox=\box55
LaTeX Info: Redefining \\ on input line 3056.
) (/usr/share/texlive/texmf-dist/tex/latex/framed/framed.sty
Package: framed 2011/10/22 v 0.96: framed or shaded text with page breaks
\OuterFrameSep=\skip57
\fb@frw=\dimen174
\fb@frh=\dimen175
\FrameRule=\dimen176
\FrameSep=\dimen177
) (./TRES-Tidy-Tutorial.aux

LaTeX Warning: Label `introduction' multiply defined.


LaTeX Warning: Label `introduction' multiply defined.

)
\openout1 = `TRES-Tidy-Tutorial.aux'.

LaTeX Font Info:    Checking defaults for OML/cmm/m/it on input line 148.
LaTeX Font Info:    ... okay on input line 148.
LaTeX Font Info:    Checking defaults for OMS/cmsy/m/n on input line 148.
LaTeX Font Info:    ... okay on input line 148.
LaTeX Font Info:    Checking defaults for OT1/cmr/m/n on input line 148.
LaTeX Font Info:    ... okay on input line 148.
LaTeX Font Info:    Checking defaults for T1/cmr/m/n on input line 148.
LaTeX Font Info:    ... okay on input line 148.
LaTeX Font Info:    Checking defaults for TS1/cmr/m/n on input line 148.
LaTeX Font Info:    ... okay on input line 148.
LaTeX Font Info:    Checking defaults for TU/lmr/m/n on input line 148.
LaTeX Font Info:    ... okay on input line 148.
LaTeX Font Info:    Checking defaults for OMX/cmex/m/n on input line 148.
LaTeX Font Info:    ... okay on input line 148.
LaTeX Font Info:    Checking defaults for U/cmr/m/n on input line 148.
LaTeX Font Info:    ... okay on input line 148.
LaTeX Font Info:    Checking defaults for PD1/pdf/m/n on input line 148.
LaTeX Font Info:    ... okay on input line 148.
LaTeX Font Info:    Checking defaults for PU/pdf/m/n on input line 148.
LaTeX Font Info:    ... okay on input line 148.
LaTeX Font Info:    Overwriting math alphabet `\mathrm' in version `normal'
(Font)                  OT1/lmr/m/n --> TU/lmr/m/n on input line 148.
LaTeX Font Info:    Overwriting math alphabet `\mathit' in version `normal'
(Font)                  OT1/lmr/m/it --> TU/lmr/m/it on input line 148.
LaTeX Font Info:    Overwriting math alphabet `\mathbf' in version `normal'
(Font)                  OT1/lmr/bx/n --> TU/lmr/bx/n on input line 148.
LaTeX Font Info:    Overwriting math alphabet `\mathsf' in version `normal'
(Font)                  OT1/lmss/m/n --> TU/lmss/m/n on input line 148.
LaTeX Font Info:    Overwriting math alphabet `\mathsf' in version `bold'
(Font)                  OT1/lmss/bx/n --> TU/lmss/bx/n on input line 148.
LaTeX Font Info:    Overwriting math alphabet `\mathtt' in version `normal'
(Font)                  OT1/lmtt/m/n --> TU/lmtt/m/n on input line 148.
LaTeX Font Info:    Overwriting math alphabet `\mathtt' in version `bold'
(Font)                  OT1/lmtt/m/n --> TU/lmtt/bx/n on input line 148.

Package fontspec Info: latinmodern-math scale = 0.9999964596882403.


Package fontspec Info: latinmodern-math scale = 0.9999964596882403.


Package fontspec Info: latinmodern-math scale = 0.9999964596882403.


Package fontspec Info: Font family 'latinmodern-math.otf(0)' created for font
(fontspec)             'latinmodern-math.otf' with options
(fontspec)             [Ligatures=TeX,Scale=MatchLowercase,BoldItalicFont={},It
alicFont={},SmallCapsFont={},Script=Math,BoldFont={latinmodern-math.otf}].
(fontspec)              
(fontspec)              This font family consists of the following NFSS
(fontspec)             series/shapes:
(fontspec)              
(fontspec)             - 'normal' (m/n) with NFSS spec.:
(fontspec)             <->s*[0.9999964596882403]"[latinmodern-math.otf]/OT:scri
pt=math;language=dflt;mapping=tex-text;"
(fontspec)             - 'small caps'  (m/sc) with NFSS spec.: 
(fontspec)             - 'bold' (b/n) with NFSS spec.:
(fontspec)             <->s*[0.9999964596882403]"[latinmodern-math.otf]/OT:scri
pt=math;language=dflt;mapping=tex-text;"
(fontspec)             - 'bold small caps'  (b/sc) with NFSS spec.: 

LaTeX Font Info:    Font shape `TU/latinmodern-math.otf(0)/m/n' will be
(Font)              scaled to size 10.0pt on input line 148.

Package fontspec Info: latinmodern-math scale = 0.9999964596882403.


Package fontspec Info: latinmodern-math scale = 0.9999964596882403.


Package fontspec Info: latinmodern-math scale = 0.9999964596882403.


Package fontspec Info: latinmodern-math scale = 0.9999964596882403.


Package fontspec Info: latinmodern-math scale = 0.9999964596882403.


Package fontspec Info: Font family 'latinmodern-math.otf(1)' created for font
(fontspec)             'latinmodern-math.otf' with options
(fontspec)             [Ligatures=TeX,Scale=MatchLowercase,BoldItalicFont={},It
alicFont={},SmallCapsFont={},Script=Math,SizeFeatures={{Size=8.5-},{Size=6-8.5,
Font=latinmodern-math.otf,Style=MathScript},{Size=-6,Font=latinmodern-math.otf,
Style=MathScriptScript}},BoldFont={latinmodern-math.otf}].
(fontspec)              
(fontspec)              This font family consists of the following NFSS
(fontspec)             series/shapes:
(fontspec)              
(fontspec)             - 'normal' (m/n) with NFSS spec.:
(fontspec)             <8.5->s*[0.9999964596882403]"[latinmodern-math.otf]/OT:s
cript=math;language=dflt;mapping=tex-text;"<6-8.5>s*[0.9999964596882403]"[latin
modern-math.otf]/OT:script=math;language=dflt;+ssty=0;mapping=tex-text;"<-6>s*[
0.9999964596882403]"[latinmodern-math.otf]/OT:script=math;language=dflt;+ssty=1
;mapping=tex-text;"
(fontspec)             - 'small caps'  (m/sc) with NFSS spec.: 
(fontspec)             - 'bold' (b/n) with NFSS spec.:
(fontspec)             <->s*[0.9999964596882403]"[latinmodern-math.otf]/OT:scri
pt=math;language=dflt;mapping=tex-text;"
(fontspec)             - 'bold small caps'  (b/sc) with NFSS spec.: 

LaTeX Font Info:    Font shape `TU/latinmodern-math.otf(1)/m/n' will be
(Font)              scaled to size 10.0pt on input line 148.
LaTeX Font Info:    Encoding `OT1' has changed to `TU' for symbol font
(Font)              `operators' in the math version `normal' on input line 148.

LaTeX Font Info:    Overwriting symbol font `operators' in version `normal'
(Font)                  OT1/lmr/m/n --> TU/latinmodern-math.otf(1)/m/n on input
 line 148.
LaTeX Font Info:    Encoding `OT1' has changed to `TU' for symbol font
(Font)              `operators' in the math version `bold' on input line 148.
LaTeX Font Info:    Overwriting symbol font `operators' in version `bold'
(Font)                  OT1/lmr/bx/n --> TU/latinmodern-math.otf(1)/b/n on inpu
t line 148.

Package fontspec Info: latinmodern-math scale = 0.9999964596882403.


Package fontspec Info: latinmodern-math scale = 1.000096459334209.


Package fontspec Info: latinmodern-math scale = 0.9999964596882403.


Package fontspec Info: latinmodern-math scale = 1.000096459334209.


Package fontspec Info: latinmodern-math scale = 0.9999964596882403.


Package fontspec Info: latinmodern-math scale = 1.000096459334209.


Package fontspec Info: latinmodern-math scale = 0.9999964596882403.


Package fontspec Info: latinmodern-math scale = 1.000096459334209.


Package fontspec Info: latinmodern-math scale = 0.9999964596882403.


Package fontspec Info: latinmodern-math scale = 1.000096459334209.


Package fontspec Info: Font family 'latinmodern-math.otf(2)' created for font
(fontspec)             'latinmodern-math.otf' with options
(fontspec)             [Ligatures=TeX,Scale=MatchLowercase,BoldItalicFont={},It
alicFont={},SmallCapsFont={},Script=Math,SizeFeatures={{Size=8.5-},{Size=6-8.5,
Font=latinmodern-math.otf,Style=MathScript},{Size=-6,Font=latinmodern-math.otf,
Style=MathScriptScript}},BoldFont={latinmodern-math.otf},ScaleAgain=1.0001,Font
Adjustment={\fontdimen
(fontspec)             8\font =6.77pt\relax \fontdimen 9\font =3.94pt\relax
(fontspec)             \fontdimen 10\font =4.44pt\relax \fontdimen 11\font
(fontspec)             =6.86pt\relax \fontdimen 12\font =3.45pt\relax
(fontspec)             \fontdimen 13\font =3.63pt\relax \fontdimen 14\font
(fontspec)             =3.63pt\relax \fontdimen 15\font =2.89pt\relax
(fontspec)             \fontdimen 16\font =2.47pt\relax \fontdimen 17\font
(fontspec)             =2.47pt\relax \fontdimen 18\font =2.5pt\relax
(fontspec)             \fontdimen 19\font =2.0pt\relax \fontdimen 22\font
(fontspec)             =2.5pt\relax \fontdimen 20\font =0pt\relax \fontdimen
(fontspec)             21\font =0pt\relax }].
(fontspec)              
(fontspec)              This font family consists of the following NFSS
(fontspec)             series/shapes:
(fontspec)              
(fontspec)             - 'normal' (m/n) with NFSS spec.:
(fontspec)             <8.5->s*[1.000096459334209]"[latinmodern-math.otf]/OT:sc
ript=math;language=dflt;mapping=tex-text;"<6-8.5>s*[1.000096459334209]"[latinmo
dern-math.otf]/OT:script=math;language=dflt;+ssty=0;mapping=tex-text;"<-6>s*[1.
000096459334209]"[latinmodern-math.otf]/OT:script=math;language=dflt;+ssty=1;ma
pping=tex-text;"
(fontspec)             - 'small caps'  (m/sc) with NFSS spec.: 
(fontspec)             and font adjustment code:
(fontspec)             \fontdimen 8\font =6.77pt\relax \fontdimen 9\font
(fontspec)             =3.94pt\relax \fontdimen 10\font =4.44pt\relax
(fontspec)             \fontdimen 11\font =6.86pt\relax \fontdimen 12\font
(fontspec)             =3.45pt\relax \fontdimen 13\font =3.63pt\relax
(fontspec)             \fontdimen 14\font =3.63pt\relax \fontdimen 15\font
(fontspec)             =2.89pt\relax \fontdimen 16\font =2.47pt\relax
(fontspec)             \fontdimen 17\font =2.47pt\relax \fontdimen 18\font
(fontspec)             =2.5pt\relax \fontdimen 19\font =2.0pt\relax \fontdimen
(fontspec)             22\font =2.5pt\relax \fontdimen 20\font =0pt\relax
(fontspec)             \fontdimen 21\font =0pt\relax 
(fontspec)             - 'bold' (b/n) with NFSS spec.:
(fontspec)             <->s*[1.000096459334209]"[latinmodern-math.otf]/OT:scrip
t=math;language=dflt;mapping=tex-text;"
(fontspec)             - 'bold small caps'  (b/sc) with NFSS spec.: 
(fontspec)             and font adjustment code:
(fontspec)             \fontdimen 8\font =6.77pt\relax \fontdimen 9\font
(fontspec)             =3.94pt\relax \fontdimen 10\font =4.44pt\relax
(fontspec)             \fontdimen 11\font =6.86pt\relax \fontdimen 12\font
(fontspec)             =3.45pt\relax \fontdimen 13\font =3.63pt\relax
(fontspec)             \fontdimen 14\font =3.63pt\relax \fontdimen 15\font
(fontspec)             =2.89pt\relax \fontdimen 16\font =2.47pt\relax
(fontspec)             \fontdimen 17\font =2.47pt\relax \fontdimen 18\font
(fontspec)             =2.5pt\relax \fontdimen 19\font =2.0pt\relax \fontdimen
(fontspec)             22\font =2.5pt\relax \fontdimen 20\font =0pt\relax
(fontspec)             \fontdimen 21\font =0pt\relax 

LaTeX Font Info:    Encoding `OMS' has changed to `TU' for symbol font
(Font)              `symbols' in the math version `normal' on input line 148.
LaTeX Font Info:    Overwriting symbol font `symbols' in version `normal'
(Font)                  OMS/lmsy/m/n --> TU/latinmodern-math.otf(2)/m/n on inpu
t line 148.
LaTeX Font Info:    Encoding `OMS' has changed to `TU' for symbol font
(Font)              `symbols' in the math version `bold' on input line 148.
LaTeX Font Info:    Overwriting symbol font `symbols' in version `bold'
(Font)                  OMS/lmsy/b/n --> TU/latinmodern-math.otf(2)/b/n on inpu
t line 148.

Package fontspec Info: latinmodern-math scale = 0.9999964596882403.


Package fontspec Info: latinmodern-math scale = 0.9998964600422715.


Package fontspec Info: latinmodern-math scale = 0.9999964596882403.


Package fontspec Info: latinmodern-math scale = 0.9998964600422715.


Package fontspec Info: latinmodern-math scale = 0.9999964596882403.


Package fontspec Info: latinmodern-math scale = 0.9998964600422715.


Package fontspec Info: latinmodern-math scale = 0.9999964596882403.


Package fontspec Info: latinmodern-math scale = 0.9998964600422715.


Package fontspec Info: latinmodern-math scale = 0.9999964596882403.


Package fontspec Info: latinmodern-math scale = 0.9998964600422715.


Package fontspec Info: Font family 'latinmodern-math.otf(3)' created for font
(fontspec)             'latinmodern-math.otf' with options
(fontspec)             [Ligatures=TeX,Scale=MatchLowercase,BoldItalicFont={},It
alicFont={},SmallCapsFont={},Script=Math,SizeFeatures={{Size=8.5-},{Size=6-8.5,
Font=latinmodern-math.otf,Style=MathScript},{Size=-6,Font=latinmodern-math.otf,
Style=MathScriptScript}},BoldFont={latinmodern-math.otf},ScaleAgain=0.9999,Font
Adjustment={\fontdimen
(fontspec)             8\font =0.4pt\relax \fontdimen 9\font =2.0pt\relax
(fontspec)             \fontdimen 10\font =1.67pt\relax \fontdimen 11\font
(fontspec)             =1.11pt\relax \fontdimen 12\font =6.0pt\relax
(fontspec)             \fontdimen 13\font =0pt\relax }].
(fontspec)              
(fontspec)              This font family consists of the following NFSS
(fontspec)             series/shapes:
(fontspec)              
(fontspec)             - 'normal' (m/n) with NFSS spec.:
(fontspec)             <8.5->s*[0.9998964600422715]"[latinmodern-math.otf]/OT:s
cript=math;language=dflt;mapping=tex-text;"<6-8.5>s*[0.9998964600422715]"[latin
modern-math.otf]/OT:script=math;language=dflt;+ssty=0;mapping=tex-text;"<-6>s*[
0.9998964600422715]"[latinmodern-math.otf]/OT:script=math;language=dflt;+ssty=1
;mapping=tex-text;"
(fontspec)             - 'small caps'  (m/sc) with NFSS spec.: 
(fontspec)             and font adjustment code:
(fontspec)             \fontdimen 8\font =0.4pt\relax \fontdimen 9\font
(fontspec)             =2.0pt\relax \fontdimen 10\font =1.67pt\relax
(fontspec)             \fontdimen 11\font =1.11pt\relax \fontdimen 12\font
(fontspec)             =6.0pt\relax \fontdimen 13\font =0pt\relax 
(fontspec)             - 'bold' (b/n) with NFSS spec.:
(fontspec)             <->s*[0.9998964600422715]"[latinmodern-math.otf]/OT:scri
pt=math;language=dflt;mapping=tex-text;"
(fontspec)             - 'bold small caps'  (b/sc) with NFSS spec.: 
(fontspec)             and font adjustment code:
(fontspec)             \fontdimen 8\font =0.4pt\relax \fontdimen 9\font
(fontspec)             =2.0pt\relax \fontdimen 10\font =1.67pt\relax
(fontspec)             \fontdimen 11\font =1.11pt\relax \fontdimen 12\font
(fontspec)             =6.0pt\relax \fontdimen 13\font =0pt\relax 

LaTeX Font Info:    Encoding `OMX' has changed to `TU' for symbol font
(Font)              `largesymbols' in the math version `normal' on input line 1
48.
LaTeX Font Info:    Overwriting symbol font `largesymbols' in version `normal'
(Font)                  OMX/lmex/m/n --> TU/latinmodern-math.otf(3)/m/n on inpu
t line 148.
LaTeX Font Info:    Encoding `OMX' has changed to `TU' for symbol font
(Font)              `largesymbols' in the math version `bold' on input line 148
.
LaTeX Font Info:    Overwriting symbol font `largesymbols' in version `bold'
(Font)                  OMX/lmex/m/n --> TU/latinmodern-math.otf(3)/b/n on inpu
t line 148.
LaTeX Info: Redefining \microtypecontext on input line 148.
Package microtype Info: Character protrusion enabled (level 2).
Package microtype Info: Using protrusion set `basicmath'.
Package microtype Info: No adjustment of tracking.
Package microtype Info: No adjustment of spacing.
Package microtype Info: No adjustment of kerning.
(/usr/share/texlive/texmf-dist/tex/latex/microtype/mt-LatinModernRoman.cfg
File: mt-LatinModernRoman.cfg 2013/03/13 v1.0 microtype config. file: Latin Mod
ern Roman (RS)
)
\AtBeginShipoutBox=\box56
Package hyperref Info: Link coloring OFF on input line 148.
(/usr/share/texlive/texmf-dist/tex/latex/hyperref/nameref.sty
Package: nameref 2019/09/16 v2.46 Cross-referencing by name of section
(/usr/share/texlive/texmf-dist/tex/latex/refcount/refcount.sty
Package: refcount 2019/12/15 v3.6 Data extraction from label references (HO)
) (/usr/share/texlive/texmf-dist/tex/generic/gettitlestring/gettitlestring.sty
Package: gettitlestring 2019/12/15 v1.6 Cleanup title references (HO)
)
\c@section@level=\count305
)
LaTeX Info: Redefining \ref on input line 148.
LaTeX Info: Redefining \pageref on input line 148.
LaTeX Info: Redefining \nameref on input line 148.
(./TRES-Tidy-Tutorial.out) (./TRES-Tidy-Tutorial.out)
\@outlinefile=\write4
\openout4 = `TRES-Tidy-Tutorial.out'.

LaTeX Font Info:    Font shape `TU/latinmodern-math.otf(1)/m/n' will be
(Font)              scaled to size 12.0pt on input line 150.
LaTeX Font Info:    Font shape `TU/latinmodern-math.otf(1)/m/n' will be
(Font)              scaled to size 8.0pt on input line 150.
LaTeX Font Info:    Font shape `TU/latinmodern-math.otf(1)/m/n' will be
(Font)              scaled to size 6.0pt on input line 150.
LaTeX Font Info:    Trying to load font information for OML+lmm on input line 1
50.
(/usr/share/texmf/tex/latex/lm/omllmm.fd
File: omllmm.fd 2009/10/30 v1.6 Font defs for Latin Modern
)
LaTeX Font Info:    Font shape `TU/latinmodern-math.otf(2)/m/n' will be
(Font)              scaled to size 12.0011pt on input line 150.
LaTeX Font Info:    Font shape `TU/latinmodern-math.otf(2)/m/n' will be
(Font)              scaled to size 8.00073pt on input line 150.
LaTeX Font Info:    Font shape `TU/latinmodern-math.otf(2)/m/n' will be
(Font)              scaled to size 6.00055pt on input line 150.
LaTeX Font Info:    Font shape `TU/latinmodern-math.otf(3)/m/n' will be
(Font)              scaled to size 11.99872pt on input line 150.
LaTeX Font Info:    Font shape `TU/latinmodern-math.otf(3)/m/n' will be
(Font)              scaled to size 7.99915pt on input line 150.
LaTeX Font Info:    Font shape `TU/latinmodern-math.otf(3)/m/n' will be
(Font)              scaled to size 5.99936pt on input line 150.
LaTeX Font Info:    Trying to load font information for U+msa on input line 150
.
(/usr/share/texlive/texmf-dist/tex/latex/amsfonts/umsa.fd
File: umsa.fd 2013/01/14 v3.01 AMS symbols A
) (/usr/share/texlive/texmf-dist/tex/latex/microtype/mt-msa.cfg
File: mt-msa.cfg 2006/02/04 v1.1 microtype config. file: AMS symbols (a) (RS)
)
LaTeX Font Info:    Trying to load font information for U+msb on input line 150
.
(/usr/share/texlive/texmf-dist/tex/latex/amsfonts/umsb.fd
File: umsb.fd 2013/01/14 v3.01 AMS symbols B
) (/usr/share/texlive/texmf-dist/tex/latex/microtype/mt-msb.cfg
File: mt-msb.cfg 2005/06/01 v1.0 microtype config. file: AMS symbols (b) (RS)
) [1


] [2

] (./TRES-Tidy-Tutorial.toc
LaTeX Font Info:    Font shape `TU/latinmodern-math.otf(1)/m/n' will be
(Font)              scaled to size 7.0pt on input line 2.
LaTeX Font Info:    Font shape `TU/latinmodern-math.otf(1)/m/n' will be
(Font)              scaled to size 5.0pt on input line 2.
LaTeX Font Info:    Font shape `TU/latinmodern-math.otf(2)/m/n' will be
(Font)              scaled to size 10.00092pt on input line 2.
LaTeX Font Info:    Font shape `TU/latinmodern-math.otf(2)/m/n' will be
(Font)              scaled to size 7.00064pt on input line 2.
LaTeX Font Info:    Font shape `TU/latinmodern-math.otf(2)/m/n' will be
(Font)              scaled to size 5.00046pt on input line 2.
LaTeX Font Info:    Font shape `TU/latinmodern-math.otf(3)/m/n' will be
(Font)              scaled to size 9.99893pt on input line 2.
LaTeX Font Info:    Font shape `TU/latinmodern-math.otf(3)/m/n' will be
(Font)              scaled to size 6.99925pt on input line 2.
LaTeX Font Info:    Font shape `TU/latinmodern-math.otf(3)/m/n' will be
(Font)              scaled to size 4.99947pt on input line 2.
LaTeX Font Info:    Font shape `TU/lmtt/bx/n' in size <10> not available
(Font)              Font shape `TU/lmtt/b/n' tried instead on input line 44.
[3] [4])
\tf@toc=\write5
\openout5 = `TRES-Tidy-Tutorial.toc'.

[5] [6

]
Overfull \hbox (24.06004pt too wide) in alignment at lines 178--182
 [] [] [] [] 
 []


Overfull \hbox (24.06004pt too wide) in alignment at lines 182--191
 [] [] [] [] 
 []


Underfull \hbox (badness 10000) in paragraph at lines 200--202

 []


Underfull \vbox (badness 10000) has occurred while \output is active []

[7] [8]
Chapter 1.
File: opening-image.png Graphic file (type bmp)
<opening-image.png>
LaTeX Font Info:    Font shape `TU/lmtt/bx/n' in size <14.4> not available
(Font)              Font shape `TU/lmtt/b/n' tried instead on input line 229.
[9

]
Underfull \vbox (badness 1275) has occurred while \output is active []

[10] [11] [12] [13] [14] [15]
Underfull \vbox (badness 10000) has occurred while \output is active []

[16] [17] [18] [19] [20]
Underfull \vbox (badness 10000) has occurred while \output is active []

[21]
Underfull \hbox (badness 3323) in paragraph at lines 878--879
\TU/lmr/m/n/10 age \TU/lmtt/m/n/10 ggrepel \TU/lmr/m/n/10 offers another \TU/lm
tt/m/n/10 geom\TU/lmr/m/n/10 , \TU/lmtt/m/n/10 geom_text_repel \TU/lmr/m/n/10 (
and the related
 []

File: TRES-Tidy-Tutorial_files/figure-latex/unnamed-chunk-29-1.pdf Graphic file
 (type pdf)
<use TRES-Tidy-Tutorial_files/figure-latex/unnamed-chunk-29-1.pdf>

Underfull \vbox (badness 10000) has occurred while \output is active []

[22] [23] [24

]
Chapter 2.
File: opening-image.png Graphic file (type bmp)
<opening-image.png>

Underfull \vbox (badness 1810) has occurred while \output is active []

[25]
Overfull \hbox (71.17232pt too wide) has occurred while \output is active
\TU/lmr/m/n/10 26 \TU/lmr/m/sl/10 CHAPTER 2.  RESHAPING DATA TABLES IN THE TIDY
VERSE, AND OTHER THINGS
 []

[26]
Underfull \vbox (badness 2698) has occurred while \output is active []

[27]
Overfull \hbox (71.17232pt too wide) has occurred while \output is active
\TU/lmr/m/n/10 28 \TU/lmr/m/sl/10 CHAPTER 2.  RESHAPING DATA TABLES IN THE TIDY
VERSE, AND OTHER THINGS
 []

[28] [29]
Underfull \vbox (badness 10000) has occurred while \output is active []


Overfull \hbox (71.17232pt too wide) has occurred while \output is active
\TU/lmr/m/n/10 30 \TU/lmr/m/sl/10 CHAPTER 2.  RESHAPING DATA TABLES IN THE TIDY
VERSE, AND OTHER THINGS
 []

[30] [31]
Overfull \hbox (71.17232pt too wide) has occurred while \output is active
\TU/lmr/m/n/10 32 \TU/lmr/m/sl/10 CHAPTER 2.  RESHAPING DATA TABLES IN THE TIDY
VERSE, AND OTHER THINGS
 []

[32] [33]
Overfull \hbox (71.17232pt too wide) has occurred while \output is active
\TU/lmr/m/n/10 34 \TU/lmr/m/sl/10 CHAPTER 2.  RESHAPING DATA TABLES IN THE TIDY
VERSE, AND OTHER THINGS
 []

[34] [35]
Overfull \hbox (71.17232pt too wide) has occurred while \output is active
\TU/lmr/m/n/10 36 \TU/lmr/m/sl/10 CHAPTER 2.  RESHAPING DATA TABLES IN THE TIDY
VERSE, AND OTHER THINGS
 []

[36] [37]
Overfull \hbox (71.17232pt too wide) has occurred while \output is active
\TU/lmr/m/n/10 38 \TU/lmr/m/sl/10 CHAPTER 2.  RESHAPING DATA TABLES IN THE TIDY
VERSE, AND OTHER THINGS
 []

[38] [39]
File: TRES-Tidy-Tutorial_files/figure-latex/unnamed-chunk-61-1.pdf Graphic file
 (type pdf)
<use TRES-Tidy-Tutorial_files/figure-latex/unnamed-chunk-61-1.pdf>
File: TRES-Tidy-Tutorial_files/figure-latex/unnamed-chunk-62-1.pdf Graphic file
 (type pdf)
<use TRES-Tidy-Tutorial_files/figure-latex/unnamed-chunk-62-1.pdf>

Underfull \vbox (badness 10000) has occurred while \output is active []


Overfull \hbox (71.17232pt too wide) has occurred while \output is active
\TU/lmr/m/n/10 40 \TU/lmr/m/sl/10 CHAPTER 2.  RESHAPING DATA TABLES IN THE TIDY
VERSE, AND OTHER THINGS
 []

[40] [41]
Overfull \hbox (71.17232pt too wide) has occurred while \output is active
\TU/lmr/m/n/10 42 \TU/lmr/m/sl/10 CHAPTER 2.  RESHAPING DATA TABLES IN THE TIDY
VERSE, AND OTHER THINGS
 []

[42] [43]
Overfull \hbox (71.17232pt too wide) has occurred while \output is active
\TU/lmr/m/n/10 44 \TU/lmr/m/sl/10 CHAPTER 2.  RESHAPING DATA TABLES IN THE TIDY
VERSE, AND OTHER THINGS
 []

[44

]
Chapter 3.
LaTeX Font Info:    Font shape `TU/lmtt/bx/n' in size <24.88> not available
(Font)              Font shape `TU/lmtt/b/n' tried instead on input line 1762.
LaTeX Font Info:    Font shape `TU/lmtt/bx/n' in size <12> not available
(Font)              Font shape `TU/lmtt/b/n' tried instead on input line 1775.
[45] [46]
Overfull \hbox (59.25pt too wide) in paragraph at lines 1921--1921
[]\TU/lmtt/m/n/10 #>   binomial order family genus species terrestrial marine f
reshwater aerial[] 
 []


Overfull \hbox (59.25pt too wide) in paragraph at lines 1921--1921
[]\TU/lmtt/m/n/10 #>   <chr>    <chr> <chr>  <chr> <chr>         <dbl>  <dbl>  
    <dbl>  <dbl>[] 
 []


Overfull \hbox (59.25pt too wide) in paragraph at lines 1921--1921
[]\TU/lmtt/m/n/10 #> 1 Abditom~ Rode~ Murid~ Abdi~ latide~           1      0  
        0      0[] 
 []


Overfull \hbox (59.25pt too wide) in paragraph at lines 1921--1921
[]\TU/lmtt/m/n/10 #> 2 Abeomel~ Rode~ Murid~ Abeo~ sevia             1      0  
        0      0[] 
 []


Overfull \hbox (59.25pt too wide) in paragraph at lines 1921--1921
[]\TU/lmtt/m/n/10 #> 3 Abraway~ Rode~ Crice~ Abra~ ruschii           1      0  
        0      0[] 
 []


Overfull \hbox (59.25pt too wide) in paragraph at lines 1921--1921
[]\TU/lmtt/m/n/10 #> 4 Abrocom~ Rode~ Abroc~ Abro~ bennet~           1      0  
        0      0[] 
 []

[47]
Overfull \hbox (59.25pt too wide) in paragraph at lines 1921--1921
[]\TU/lmtt/m/n/10 #> 5 Abrocom~ Rode~ Abroc~ Abro~ bolivi~           1      0  
        0      0[] 
 []


Overfull \hbox (59.25pt too wide) in paragraph at lines 1921--1921
[]\TU/lmtt/m/n/10 #> 6 Abrocom~ Rode~ Abroc~ Abro~ budini            1      0  
        0      0[] 
 []


Overfull \hbox (64.5pt too wide) in paragraph at lines 1921--1921
[]\TU/lmtt/m/n/10 #> # ... with 5,825 more rows, and 15 more variables: life_ha
bit_method <chr>,[] 
 []


Overfull \hbox (64.5pt too wide) in paragraph at lines 1921--1921
[]\TU/lmtt/m/n/10 #> #   mass_source <chr>, mass_comparison <chr>, mass_compari
son_source <chr>,[] 
 []


Overfull \hbox (48.75pt too wide) in paragraph at lines 1921--1921
[]\TU/lmtt/m/n/10 #> #   island_endemicity <chr>, iucn_status <chr>, added_iucn
_status <chr>,[] 
 []


Overfull \hbox (33.0pt too wide) in paragraph at lines 1921--1921
[]\TU/lmtt/m/n/10 #> #   diet_plant <dbl>, diet_vertebrate <dbl>, diet_inverteb
rate <dbl>,[] 
 []

[48] [49] [50] [51]
Underfull \vbox (badness 8075) has occurred while \output is active []

[52]
Underfull \vbox (badness 10000) has occurred while \output is active []

[53]
Underfull \vbox (badness 1147) has occurred while \output is active []

[54]
Underfull \vbox (badness 2698) has occurred while \output is active []

[55]
Underfull \vbox (badness 6542) has occurred while \output is active []

[56] [57] [58] [59]
Underfull \vbox (badness 10000) has occurred while \output is active []

[60] [61] [62] [63] [64] [65] [66] [67] [68] [69] [70] [71] [72] [73] [74

]
Chapter 4.
File: opening-image.png Graphic file (type bmp)
<opening-image.png>
[75] [76] [77] [78] [79] [80] [81] [82] [83]
Underfull \hbox (badness 1769) in paragraph at lines 3754--3756
[]\TU/lmr/m/n/10 The model coefficients are extracted if the model was fit (usi
ng
 []


Underfull \hbox (badness 2245) in paragraph at lines 3756--3758
[]\TU/lmr/m/n/10 The model coefficients are converted to data for plotting (usi
ng
 []

[84]
Underfull \vbox (badness 2698) has occurred while \output is active []

[85] [86]
Underfull \vbox (badness 3118) has occurred while \output is active []

[87] [88] [89] [90]
File: TRES-Tidy-Tutorial_files/figure-latex/unnamed-chunk-104-1.pdf Graphic fil
e (type pdf)
<use TRES-Tidy-Tutorial_files/figure-latex/unnamed-chunk-104-1.pdf>

Underfull \vbox (badness 10000) has occurred while \output is active []

[91] [92]
Chapter 5.
File: opening-image.png Graphic file (type bmp)
<opening-image.png>

Underfull \vbox (badness 10000) has occurred while \output is active []

[93

] [94]
File: TRES-Tidy-Tutorial_files/figure-latex/unnamed-chunk-106-1.pdf Graphic fil
e (type pdf)
<use TRES-Tidy-Tutorial_files/figure-latex/unnamed-chunk-106-1.pdf>
[95]
Underfull \vbox (badness 10000) has occurred while \output is active []

[96]
File: TRES-Tidy-Tutorial_files/figure-latex/unnamed-chunk-109-1.pdf Graphic fil
e (type pdf)
<use TRES-Tidy-Tutorial_files/figure-latex/unnamed-chunk-109-1.pdf>
[97]
File: TRES-Tidy-Tutorial_files/figure-latex/unnamed-chunk-110-1.pdf Graphic fil
e (type pdf)
<use TRES-Tidy-Tutorial_files/figure-latex/unnamed-chunk-110-1.pdf>
File: TRES-Tidy-Tutorial_files/figure-latex/unnamed-chunk-111-1.pdf Graphic fil
e (type pdf)
<use TRES-Tidy-Tutorial_files/figure-latex/unnamed-chunk-111-1.pdf>
[98]
File: TRES-Tidy-Tutorial_files/figure-latex/unnamed-chunk-112-1.pdf Graphic fil
e (type pdf)
<use TRES-Tidy-Tutorial_files/figure-latex/unnamed-chunk-112-1.pdf>
File: TRES-Tidy-Tutorial_files/figure-latex/unnamed-chunk-113-1.pdf Graphic fil
e (type pdf)
<use TRES-Tidy-Tutorial_files/figure-latex/unnamed-chunk-113-1.pdf>

Underfull \vbox (badness 10000) has occurred while \output is active []

[99]
File: TRES-Tidy-Tutorial_files/figure-latex/unnamed-chunk-114-1.pdf Graphic fil
e (type pdf)
<use TRES-Tidy-Tutorial_files/figure-latex/unnamed-chunk-114-1.pdf>
File: TRES-Tidy-Tutorial_files/figure-latex/unnamed-chunk-115-1.pdf Graphic fil
e (type pdf)
<use TRES-Tidy-Tutorial_files/figure-latex/unnamed-chunk-115-1.pdf>
[100]
File: TRES-Tidy-Tutorial_files/figure-latex/unnamed-chunk-116-1.pdf Graphic fil
e (type pdf)
<use TRES-Tidy-Tutorial_files/figure-latex/unnamed-chunk-116-1.pdf>
[101]
File: TRES-Tidy-Tutorial_files/figure-latex/unnamed-chunk-117-1.pdf Graphic fil
e (type pdf)
<use TRES-Tidy-Tutorial_files/figure-latex/unnamed-chunk-117-1.pdf>
File: TRES-Tidy-Tutorial_files/figure-latex/unnamed-chunk-118-1.pdf Graphic fil
e (type pdf)
<use TRES-Tidy-Tutorial_files/figure-latex/unnamed-chunk-118-1.pdf>
[102]
File: TRES-Tidy-Tutorial_files/figure-latex/unnamed-chunk-119-1.pdf Graphic fil
e (type pdf)
<use TRES-Tidy-Tutorial_files/figure-latex/unnamed-chunk-119-1.pdf>
File: TRES-Tidy-Tutorial_files/figure-latex/unnamed-chunk-121-1.pdf Graphic fil
e (type pdf)
<use TRES-Tidy-Tutorial_files/figure-latex/unnamed-chunk-121-1.pdf>
File: TRES-Tidy-Tutorial_files/figure-latex/unnamed-chunk-121-2.pdf Graphic fil
e (type pdf)
<use TRES-Tidy-Tutorial_files/figure-latex/unnamed-chunk-121-2.pdf>
[103]
File: TRES-Tidy-Tutorial_files/figure-latex/unnamed-chunk-122-1.pdf Graphic fil
e (type pdf)
<use TRES-Tidy-Tutorial_files/figure-latex/unnamed-chunk-122-1.pdf>

Underfull \vbox (badness 10000) has occurred while \output is active []

[104]
File: TRES-Tidy-Tutorial_files/figure-latex/unnamed-chunk-123-1.pdf Graphic fil
e (type pdf)
<use TRES-Tidy-Tutorial_files/figure-latex/unnamed-chunk-123-1.pdf>

Underfull \vbox (badness 10000) has occurred while \output is active []

[105]
File: TRES-Tidy-Tutorial_files/figure-latex/unnamed-chunk-124-1.pdf Graphic fil
e (type pdf)
<use TRES-Tidy-Tutorial_files/figure-latex/unnamed-chunk-124-1.pdf>
[106]
File: TRES-Tidy-Tutorial_files/figure-latex/unnamed-chunk-126-1.pdf Graphic fil
e (type pdf)
<use TRES-Tidy-Tutorial_files/figure-latex/unnamed-chunk-126-1.pdf>
File: TRES-Tidy-Tutorial_files/figure-latex/unnamed-chunk-127-1.pdf Graphic fil
e (type pdf)
<use TRES-Tidy-Tutorial_files/figure-latex/unnamed-chunk-127-1.pdf>

Underfull \vbox (badness 4995) has occurred while \output is active []

[107]
File: TRES-Tidy-Tutorial_files/figure-latex/unnamed-chunk-128-1.pdf Graphic fil
e (type pdf)
<use TRES-Tidy-Tutorial_files/figure-latex/unnamed-chunk-128-1.pdf>
File: TRES-Tidy-Tutorial_files/figure-latex/unnamed-chunk-129-1.pdf Graphic fil
e (type pdf)
<use TRES-Tidy-Tutorial_files/figure-latex/unnamed-chunk-129-1.pdf>
File: TRES-Tidy-Tutorial_files/figure-latex/unnamed-chunk-130-1.pdf Graphic fil
e (type pdf)
<use TRES-Tidy-Tutorial_files/figure-latex/unnamed-chunk-130-1.pdf>

Underfull \vbox (badness 4556) has occurred while \output is active []

[108]
Underfull \hbox (badness 3396) in paragraph at lines 4575--4576
[]\TU/lmr/m/n/10 There are two functions for facetting: \TU/lmtt/m/n/10 facet_g
rid \TU/lmr/m/n/10 and \TU/lmtt/m/n/10 facet_wrap\TU/lmr/m/n/10 .
 []


Underfull \hbox (badness 1902) in paragraph at lines 4575--4576
\TU/lmtt/m/n/10 facet_grid \TU/lmr/m/n/10 will arrange the plot in rows and col
umns depending on
 []

File: TRES-Tidy-Tutorial_files/figure-latex/unnamed-chunk-131-1.pdf Graphic fil
e (type pdf)
<use TRES-Tidy-Tutorial_files/figure-latex/unnamed-chunk-131-1.pdf>
[109]
File: TRES-Tidy-Tutorial_files/figure-latex/unnamed-chunk-132-1.pdf Graphic fil
e (type pdf)
<use TRES-Tidy-Tutorial_files/figure-latex/unnamed-chunk-132-1.pdf>
File: TRES-Tidy-Tutorial_files/figure-latex/unnamed-chunk-133-1.pdf Graphic fil
e (type pdf)
<use TRES-Tidy-Tutorial_files/figure-latex/unnamed-chunk-133-1.pdf>

Underfull \vbox (badness 10000) has occurred while \output is active []

[110]
File: TRES-Tidy-Tutorial_files/figure-latex/unnamed-chunk-134-1.pdf Graphic fil
e (type pdf)
<use TRES-Tidy-Tutorial_files/figure-latex/unnamed-chunk-134-1.pdf>

Underfull \vbox (badness 10000) has occurred while \output is active []

[111] [112]
File: TRES-Tidy-Tutorial_files/figure-latex/unnamed-chunk-136-1.pdf Graphic fil
e (type pdf)
<use TRES-Tidy-Tutorial_files/figure-latex/unnamed-chunk-136-1.pdf>
File: TRES-Tidy-Tutorial_files/figure-latex/unnamed-chunk-137-1.pdf Graphic fil
e (type pdf)
<use TRES-Tidy-Tutorial_files/figure-latex/unnamed-chunk-137-1.pdf>
[113]
File: TRES-Tidy-Tutorial_files/figure-latex/unnamed-chunk-138-1.pdf Graphic fil
e (type pdf)
<use TRES-Tidy-Tutorial_files/figure-latex/unnamed-chunk-138-1.pdf>
[114]
File: TRES-Tidy-Tutorial_files/figure-latex/unnamed-chunk-139-1.pdf Graphic fil
e (type pdf)
<use TRES-Tidy-Tutorial_files/figure-latex/unnamed-chunk-139-1.pdf>

Underfull \hbox (badness 1072) in paragraph at lines 4712--4713
\TU/lmr/m/n/10 CFU at time point T1, \TU/lmtt/m/n/10 cfu_T1\TU/lmr/m/n/10 , whi
ch is a continuous variable, using
 []

File: TRES-Tidy-Tutorial_files/figure-latex/unnamed-chunk-140-1.pdf Graphic fil
e (type pdf)
<use TRES-Tidy-Tutorial_files/figure-latex/unnamed-chunk-140-1.pdf>

Underfull \vbox (badness 10000) has occurred while \output is active []

[115]
File: TRES-Tidy-Tutorial_files/figure-latex/unnamed-chunk-141-1.pdf Graphic fil
e (type pdf)
<use TRES-Tidy-Tutorial_files/figure-latex/unnamed-chunk-141-1.pdf>

Underfull \hbox (badness 2173) in paragraph at lines 4737--4738
[]\TU/lmr/m/n/10 The arguments that are taken by the \TU/lmtt/m/n/10 scale_ \TU
/lmr/m/n/10 function really depend
 []


Underfull \hbox (badness 5203) in paragraph at lines 4737--4738
\TU/lmr/m/n/10 on the use case, e.g. \TU/lmtt/m/n/10 scale_color_manual \TU/lmr
/m/n/10 expects discrete \TU/lmtt/m/n/10 values\TU/lmr/m/n/10 ,
 []

[116]
File: TRES-Tidy-Tutorial_files/figure-latex/unnamed-chunk-142-1.pdf Graphic fil
e (type pdf)
<use TRES-Tidy-Tutorial_files/figure-latex/unnamed-chunk-142-1.pdf>
[117]
File: TRES-Tidy-Tutorial_files/figure-latex/unnamed-chunk-143-1.pdf Graphic fil
e (type pdf)
<use TRES-Tidy-Tutorial_files/figure-latex/unnamed-chunk-143-1.pdf>
[118]
File: TRES-Tidy-Tutorial_files/figure-latex/unnamed-chunk-144-1.pdf Graphic fil
e (type pdf)
<use TRES-Tidy-Tutorial_files/figure-latex/unnamed-chunk-144-1.pdf>
File: TRES-Tidy-Tutorial_files/figure-latex/unnamed-chunk-144-2.pdf Graphic fil
e (type pdf)
<use TRES-Tidy-Tutorial_files/figure-latex/unnamed-chunk-144-2.pdf>
[119]
File: TRES-Tidy-Tutorial_files/figure-latex/unnamed-chunk-145-1.pdf Graphic fil
e (type pdf)
<use TRES-Tidy-Tutorial_files/figure-latex/unnamed-chunk-145-1.pdf>
File: TRES-Tidy-Tutorial_files/figure-latex/unnamed-chunk-146-1.pdf Graphic fil
e (type pdf)
<use TRES-Tidy-Tutorial_files/figure-latex/unnamed-chunk-146-1.pdf>

Underfull \vbox (badness 2181) has occurred while \output is active []

[120]
File: TRES-Tidy-Tutorial_files/figure-latex/unnamed-chunk-147-1.pdf Graphic fil
e (type pdf)
<use TRES-Tidy-Tutorial_files/figure-latex/unnamed-chunk-147-1.pdf>
[121]
File: TRES-Tidy-Tutorial_files/figure-latex/unnamed-chunk-148-1.pdf Graphic fil
e (type pdf)
<use TRES-Tidy-Tutorial_files/figure-latex/unnamed-chunk-148-1.pdf>
File: TRES-Tidy-Tutorial_files/figure-latex/unnamed-chunk-149-1.pdf Graphic fil
e (type pdf)
<use TRES-Tidy-Tutorial_files/figure-latex/unnamed-chunk-149-1.pdf>

Underfull \vbox (badness 10000) has occurred while \output is active []

[122] [123]
File: TRES-Tidy-Tutorial_files/figure-latex/unnamed-chunk-150-1.pdf Graphic fil
e (type pdf)
<use TRES-Tidy-Tutorial_files/figure-latex/unnamed-chunk-150-1.pdf>
File: TRES-Tidy-Tutorial_files/figure-latex/unnamed-chunk-151-1.pdf Graphic fil
e (type pdf)
<use TRES-Tidy-Tutorial_files/figure-latex/unnamed-chunk-151-1.pdf>
File: TRES-Tidy-Tutorial_files/figure-latex/unnamed-chunk-152-1.pdf Graphic fil
e (type pdf)
<use TRES-Tidy-Tutorial_files/figure-latex/unnamed-chunk-152-1.pdf>
[124] [125]
File: TRES-Tidy-Tutorial_files/figure-latex/unnamed-chunk-154-1.pdf Graphic fil
e (type pdf)
<use TRES-Tidy-Tutorial_files/figure-latex/unnamed-chunk-154-1.pdf>
[126]
File: TRES-Tidy-Tutorial_files/figure-latex/unnamed-chunk-156-1.pdf Graphic fil
e (type pdf)
<use TRES-Tidy-Tutorial_files/figure-latex/unnamed-chunk-156-1.pdf>
[127]
File: TRES-Tidy-Tutorial_files/figure-latex/unnamed-chunk-158-1.pdf Graphic fil
e (type pdf)
<use TRES-Tidy-Tutorial_files/figure-latex/unnamed-chunk-158-1.pdf>
[128] [129] [130

]
Chapter 6.
File: 06_regular_expressions.png Graphic file (type bmp)
<06_regular_expressions.png>
[131]
Overfull \hbox (17.25pt too wide) in paragraph at lines 5131--5131
[]\TU/lmtt/m/n/10 Lithium-ion batteries play a central role in the world of tec
hnology.[] 
 []


Overfull \hbox (90.75pt too wide) in paragraph at lines 5131--5131
[]\TU/lmtt/m/n/10 The restrictions would end 90 days after Portland[]s state of
 emergency order lifts.[] 
 []


Overfull \hbox (17.25pt too wide) in paragraph at lines 5138--5138
[]\TU/lmtt/m/n/10 Lithium-ion batteries play a central role in the world of tec
hnology.[] 
 []


Overfull \hbox (90.75pt too wide) in paragraph at lines 5156--5156
[]\TU/lmtt/m/n/10 The restrictions would end 90 days after Portland[]s state of
 emergency order lifts.[] 
 []

[132]
Overfull \hbox (12.0pt too wide) in paragraph at lines 5197--5197
[]\TU/lmtt/m/n/10 >KP143511.1|Felinecoronavirus|Feliscatus|UnitedKingdom|2013|E
nvelope[] 
 []


Overfull \hbox (274.5pt too wide) in paragraph at lines 5206--5206
[]\TU/lmtt/m/n/10 >sp|P0DTC2|SPIKE_SARS2 Spike glycoprotein OS=Severe acute res
piratory syndrome coronavirus 2 OX=2697049 GN=S PE=1 SV=1[] 
 []


Overfull \hbox (232.5pt too wide) in paragraph at lines 5206--5206
[]\TU/lmtt/m/n/10 >sp|P0DTC5|VME1_SARS2 Membrane protein OS=Severe acute respir
atory syndrome coronavirus 2 OX=2697049 PE=3 SV=1[] 
 []

File: 06_stringr.png Graphic file (type bmp)
<06_stringr.png>
[133]
File: 06_perl_problems.png Graphic file (type bmp)
<06_perl_problems.png>
[134]
Chapter 7.
File: 06_george_dinwiddie.jpg Graphic file (type bmp)
<06_george_dinwiddie.jpg>
[135

] [136]
Chapter 8.
File: 06_detect.png Graphic file (type bmp)
<06_detect.png>

Underfull \hbox (badness 6188) in paragraph at lines 5316--5317
[]\TU/lmr/m/n/10 From Work with Strings Cheatsheet, []$[][][][][] [] [] [] []
[][][][][][] [] [][][] []
 []


Underfull \vbox (badness 7981) has occurred while \output is active []

[137

]
File: 06_anchors.png Graphic file (type bmp)
<06_anchors.png>

Underfull \hbox (badness 6188) in paragraph at lines 5355--5356
[]\TU/lmr/m/n/10 From Work with Strings Cheatsheet, []$[][][][][] [] [] [] []
[][][][][][] [] [][][] []
 []

[138]
File: 06_character_sets.png Graphic file (type bmp)
<06_character_sets.png>

Underfull \vbox (badness 10000) has occurred while \output is active []

[139]
Underfull \hbox (badness 6188) in paragraph at lines 5405--5406
[]\TU/lmr/m/n/10 From Work with Strings Cheatsheet, []$[][][][][] [] [] [] []
[][][][][][] [] [][][] []
 []


Underfull \vbox (badness 1052) has occurred while \output is active []

[140]
File: 06_quantifiers.png Graphic file (type bmp)
<06_quantifiers.png>

Underfull \vbox (badness 10000) has occurred while \output is active []

[141]
Underfull \hbox (badness 6188) in paragraph at lines 5471--5472
[]\TU/lmr/m/n/10 From Work with Strings Cheatsheet, []$[][][][][] [] [] [] []
[][][][][][] [] [][][] []
 []

[142]
File: 06_alternates.png Graphic file (type bmp)
<06_alternates.png>

Underfull \hbox (badness 6188) in paragraph at lines 5543--5544
[]\TU/lmr/m/n/10 From Work with Strings Cheatsheet, []$[][][][][] [] [] [] []
[][][][][][] [] [][][] []
 []

[143] [144]
Chapter 9.
File: 06_subset.png Graphic file (type bmp)
<06_subset.png>

Underfull \hbox (badness 6188) in paragraph at lines 5603--5604
[]\TU/lmr/m/n/10 From Work with Strings Cheatsheet, []$[][][][][] [] [] [] []
[][][][][][] [] [][][] []
 []


Underfull \vbox (badness 5711) has occurred while \output is active []

[145

]
Overfull \hbox (159.0pt too wide) in paragraph at lines 5633--5633
[]\TU/lmtt/m/n/10 >[DNA sequence number]|[virus name]|[host species name]|[coun
try of host]|[year]|[protein name]"[] 
 []

[146] [147]
Overfull \hbox (33.10783pt too wide) in paragraph at lines 5778--5778
[]\TU/lmr/bx/n/14.4 Example exercise: \TU/lmtt/b/n/14.4 extract_dna_sequence_nu
mbers 
 []


Overfull \hbox (1.5pt too wide) in paragraph at lines 5799--5799
[]\TU/lmtt/m/n/10 expect_equal("KP143511.1", extract_dna_sequence_numbers(text)
[30])[] 
 []

[148] [149] [150

]
Chapter 10.
File: 06_mutate.png Graphic file (type bmp)
<06_mutate.png>

Underfull \hbox (badness 6188) in paragraph at lines 5877--5878
[]\TU/lmr/m/n/10 From Work with Strings Cheatsheet, []$[][][][][] [] [] [] []
[][][][][][] [] [][][] []
 []

[151] [152

]
Chapter 11.
File: 06_regex_golf.png Graphic file (type bmp)
<06_regex_golf.png>
[153] [154

]
Chapter 12.
[155] [156

]
Chapter 13.
File: opening-image.png Graphic file (type bmp)
<opening-image.png>
[157]
Underfull \hbox (badness 2573) in paragraph at lines 6016--6017
[]\TU/lmr/m/n/10 The same issue arises with functions such as \TU/lmtt/m/n/10 d
plyr::summarise \TU/lmr/m/n/10 and
 []

[158] [159] [160]
Underfull \vbox (badness 2617) has occurred while \output is active []

[161] [162] [163] [164] [165]
Underfull \vbox (badness 6808) has occurred while \output is active []

[166]
Underfull \hbox (badness 1496) in paragraph at lines 6504--6506
\TU/lmtt/m/n/10 dplyr 1.0.0 \TU/lmr/m/n/10 had \TU/lmtt/m/n/10 summarise_* \TU/
lmr/m/n/10 superseded by the \TU/lmtt/m/n/10 across \TU/lmr/m/n/10 argument to
 []


Underfull \vbox (badness 10000) has occurred while \output is active []

[167] [168] [169] [170] [171]
Underfull \hbox (badness 1565) in paragraph at lines 6760--6762
[]\TU/lmr/m/n/10 Tidy evaluation: Superseded and archived, but still useful []$
[][][][][] []
 []

Package atveryend Info: Empty hook `BeforeClearDocument' on input line 6765.
[172]
Package atveryend Info: Empty hook `AfterLastShipout' on input line 6765.
(./TRES-Tidy-Tutorial.aux)
Package atveryend Info: Empty hook `AtVeryEndDocument' on input line 6765.
Package atveryend Info: Executing hook `AtEndAfterFileList' on input line 6765.

Package rerunfilecheck Info: File `TRES-Tidy-Tutorial.out' has not changed.
(rerunfilecheck)             Checksum: A0298A091E74F0AD81FCB9D88C51A01F;14215.

LaTeX Warning: There were multiply-defined labels.

 ) 
Here is how much of TeX's memory you used:
 18875 strings out of 481228
 353954 string characters out of 5923157
 778664 words of memory out of 5000000
 35548 multiletter control sequences out of 15000+600000
 538877 words of font info for 88 fonts, out of 8000000 for 9000
 350 hyphenation exceptions out of 8191
 58i,6n,115p,1099b,509s stack positions out of 5000i,500n,10000p,200000b,80000s

Output written on TRES-Tidy-Tutorial.pdf (172 pages).

! kpathsea:make_tex: Invalid filename `IBM Plex Serif', contains ' '
! kpathsea:make_tex: Invalid filename `IBM Plex Mono', contains ' '
